{
  "timestamp": "2025-11-30T09:41:50.789522",
  "results": [
    {
      "success": false,
      "command": "test",
      "output": {
        "pr_details": {
          "number": 1,
          "title": "master branch commit",
          "description": "Test pull request.",
          "state": "closed",
          "author": "0xIta3hi",
          "created_at": "2025-11-29T10:04:11+00:00",
          "updated_at": "2025-11-29T12:32:35+00:00",
          "head_ref": "master",
          "base_ref": "test-feature",
          "commits": 1,
          "additions": 0,
          "deletions": 0,
          "changed_files": 1,
          "url": "https://github.com/0xIta3hi/codecraft-test/pull/1",
          "mergeable": null,
          "draft": false
        },
        "changed_files_count": 1,
        "generated_test_cases": 1,
        "test_cases": [
          {
            "file": "tests/test_master.py",
            "target_file": "master.md",
            "test_code": "import os\n\nimport pytest\n\n\ndef test_master_md_exists():\n    \"\"\"Tests that the master.md file exists.\"\"\"\n    assert os.path.exists('master.md')\n\n\ndef test_master_md_not_empty():\n    \"\"\"Tests that the master.md file is not empty.\"\"\"\n    assert os.path.getsize('master.md') > 0, \"master.md should not be empty\"\n\n\ndef test_master_md_is_readable():\n    \"\"\"Tests that master.md is readable.\"\"\"\n    try:\n        with open('master.md', 'r') as f:\n            f.read()\n    except Exception as e:\n        pytest.fail(f\"Failed to read master.md: {e}\")",
            "description": "Basic tests to ensure the master.md file exists, is not empty, and is readable.",
            "imports": [
              "os",
              "pytest"
            ]
          }
        ],
        "written_test_files": [
          "tests/test_master.py"
        ],
        "test_results": {
          "passed": false,
          "return_code": 1,
          "stdout": "                [ 33%]\ntests\\test_master.py::test_master_md_not_empty FAILED                    [ 66%]\ntests\\test_master.py::test_master_md_is_readable FAILED                  [100%]\n\n================================== FAILURES ===================================\n____________________________ test_master_md_exists ____________________________\ntests\\test_master.py:12: in test_master_md_exists\n    assert os.path.exists('master.md')\nE   AssertionError: assert False\nE    +  where False = <built-in function _path_exists>('master.md')\nE    +    where <built-in function _path_exists> = <module 'ntpath' (frozen)>.exists\nE    +      where <module 'ntpath' (frozen)> = os.path\n__________________________ test_master_md_not_empty ___________________________\ntests\\test_master.py:17: in test_master_md_not_empty\n    assert os.path.getsize('master.md') > 0, \"master.md should not be empty\"\n           ^^^^^^^^^^^^^^^^^^^^^^^^^^^^\n<frozen genericpath>:86: in getsize\n    ???\nE   FileNotFoundError: [WinError 2] The system cannot find the file specified: 'master.md'\n_________________________ test_master_md_is_readable __________________________\ntests\\test_master.py:23: in test_master_md_is_readable\n    with open('master.md', 'r') as f:\n         ^^^^^^^^^^^^^^^^^^^^^^\nE   FileNotFoundError: [Errno 2] No such file or directory: 'master.md'\n\nDuring handling of the above exception, another exception occurred:\ntests\\test_master.py:26: in test_master_md_is_readable\n    pytest.fail(f\"Failed to read master.md: {e}\")\nE   Failed: Failed to read master.md: [Errno 2] No such file or directory: 'master.md'\n=========================== short test summary info ===========================\nFAILED tests\\test_master.py::test_master_md_exists - AssertionError: assert F...\nFAILED tests\\test_master.py::test_master_md_not_empty - FileNotFoundError: [W...\nFAILED tests\\test_master.py::test_master_md_is_readable - Failed: Failed to r...\n============================== 3 failed in 0.18s ==============================\n",
          "stderr": ""
        },
        "comment_posted": {
          "id": 3592175749,
          "body": "### \ud83d\udccb Test Generation\n\nGenerated 1 new test case(s):\n\n**Test 1:** Basic tests to ensure the master.md file exists, is not empty, and is readable.\n- **File:** `tests/test_master.py`\n- **Targets:** `master.md`\n\n_Generated by CodeCraft AI TestAgent_\n\n\n## FAILED Test Results\n\n```\n                [ 33%]\ntests\\test_master.py::test_master_md_not_empty FAILED                    [ 66%]\ntests\\test_master.py::test_master_md_is_readable FAILED                  [100%]\n\n================================== FAILURES ===================================\n____________________________ test_master_md_exists ____________________________\ntests\\test_master.py:12: in test_master_md_exists\n    assert os.path.exists('master.md')\nE   AssertionError: assert False\nE    +  where False = <built-in function _path_exists>('master.md')\nE    +    where <built-in function _path_exists> = <module 'ntpath' (frozen)>.exists\nE    +      where <module 'ntpath' (frozen)> = os.path\n__________________________ test_master_md_not_empty ___________________________\ntests\\test_master.py:17: in test_master_md_not_empty\n    assert os.path.getsize('master.md') > 0, \"master.md should not be empty\"\n           ^^^^^^^^^^^^^^^^^^^^^^^^^^^^\n<frozen genericpath>:86: in getsize\n    ???\nE   FileNotFoundError: [WinError 2] The system cannot find the file specified: 'master.md'\n_________________________ test_master_md_is_readable __________________________\ntests\\test_master.py:23: in test_master_md_is_readable\n    with open('master.md', 'r') as f:\n         ^^^^^^^^^^^^^^^^^^^^^^\nE   FileNotFoundError: [Errno 2] No such file or directory: 'master.md'\n\nDuring handling of the above exception, another exception occurred:\ntests\\test_master.py:26: in test_master_md_is_readable\n    pytest.fail(f\"Failed to read master.md: {e}\")\nE   Failed: Failed to read master.md: [Errno 2] No such file or directory: 'master.md'\n=========================== short test summary info ===========================\nFAILED tests\\test_master.py::test_master_md_exists - AssertionError: assert F...\nFAILED tests\\test_master.py::test_master_md_not_empty - FileNotFoundError: [W...\nFAILED tests\\test_master.py::test_master_md_is_readable - Failed: Failed to r...\n============================== 3 failed in 0.18s ==============================\n\n```\n\n_Generated by CodeCraft AI_",
          "author": "0xIta3hi",
          "created_at": "2025-11-30T04:11:49+00:00",
          "url": "https://github.com/0xIta3hi/codecraft-test/pull/1#issuecomment-3592175749"
        }
      },
      "error": null,
      "timestamp": "2025-11-30T09:41:50.789180",
      "duration_seconds": 14.28835
    }
  ],
  "final_status": "failure"
}